
> dynamic-select-dropdown@0.0.0 build-storybook
> concurrently "npm run build-storybook:css" "storybook build" --output-dir /var/folders/1b/t9xwmrs91vq10yw8k3dtx8pm0000gn/T/chromatic--87406-jhxz87oiD8qU

[0] 
[0] > dynamic-select-dropdown@0.0.0 build-storybook:css
[0] > tailwindcss -m -i ./src/tailwind-entry.css -o ./src/index.css
[0] 
[0] Browserslist: caniuse-lite is outdated. Please run:
[0]   npx update-browserslist-db@latest
[0]   Why you should do it regularly: https://github.com/browserslist/update-db#readme
[0] 
[0] Rebuilding...
[0] 
[0] Done in 134ms.
[0] npm run build-storybook:css exited with code 0
[1] @storybook/cli v8.0.9
[1] 
[1] info => Cleaning outputDir: storybook-static
[1] info => Loading presets
[1] info => Building manager..
[1] info => Manager built (174 ms)
[1] info => Building preview..
[1] WARN No story files found for the specified pattern: src/**/*.mdx
[1] info Using tsconfig paths for react-docgen
[1] 
[1] [vite:dts] You are building a library that may not need to generate declaration files.
[1] 
[1] [36mvite v5.2.10 [32mbuilding for production...[36m[39m
[1] 
[1] ./sb-common-assets/fonts.css doesn't exist at build time, it will remain unchanged to be resolved at runtime
[1] transforming...
[1] node_modules/telejson/dist/index.mjs (1413:15): Use of eval in "node_modules/telejson/dist/index.mjs" is strongly discouraged as it poses security risks and may cause issues with minification.
[1] node_modules/telejson/dist/index.mjs (1416:18): Use of eval in "node_modules/telejson/dist/index.mjs" is strongly discouraged as it poses security risks and may cause issues with minification.
[1] [32m✓[39m 1397 modules transformed.
[1] rendering chunks...
[1] 
[1] [vite:dts] Start generate declaration files...
[1] computing gzip size...
[1] [vite:dts] Declaration files built in 1293ms.
[1] 
[1] [2mstorybook-static/[22m[32miframe.html                                    [39m[1m[2m 13.11 kB[22m[1m[22m[2m │ gzip:   3.63 kB[22m
[1] [2mstorybook-static/[22m[2massets/[22m[35mpreview-DzjMBab9.css                    [39m[1m[2m  9.42 kB[22m[1m[22m[2m │ gzip:   2.97 kB[22m
[1] [2mstorybook-static/[22m[2massets/[22m[36mpreview-B4GcaC1c.js                     [39m[1m[2m  0.07 kB[22m[1m[22m[2m │ gzip:   0.08 kB[22m
[1] [2mstorybook-static/[22m[2massets/[22m[36mpreview-C00yYlqa.js                     [39m[1m[2m  0.11 kB[22m[1m[22m[2m │ gzip:   0.11 kB[22m
[1] [2mstorybook-static/[22m[2massets/[22m[36mWithTooltip-Y7J54OF7-NtHYPkgD.js        [39m[1m[2m  0.38 kB[22m[1m[22m[2m │ gzip:   0.24 kB[22m
[1] [2mstorybook-static/[22m[2massets/[22m[36mindex-DbIxU3Ed.js                       [39m[1m[2m  0.42 kB[22m[1m[22m[2m │ gzip:   0.27 kB[22m
[1] [2mstorybook-static/[22m[2massets/[22m[36msyntaxhighlighter-JOJW2KGS-WP6D0o3U.js  [39m[1m[2m  0.42 kB[22m[1m[22m[2m │ gzip:   0.28 kB[22m
[1] [2mstorybook-static/[22m[2massets/[22m[36mreact-18-DQ3baCyx.js                    [39m[1m[2m  0.55 kB[22m[1m[22m[2m │ gzip:   0.34 kB[22m
[1] [2mstorybook-static/[22m[2massets/[22m[36mpreview-PxUn-cIn.js                     [39m[1m[2m  0.64 kB[22m[1m[22m[2m │ gzip:   0.44 kB[22m
[1] [2mstorybook-static/[22m[2massets/[22m[36mindex-DrFu-skq.js                       [39m[1m[2m  0.77 kB[22m[1m[22m[2m │ gzip:   0.47 kB[22m
[1] [2mstorybook-static/[22m[2massets/[22m[36mpreview-C0Xf_AKX.js                     [39m[1m[2m  0.84 kB[22m[1m[22m[2m │ gzip:   0.55 kB[22m
[1] [2mstorybook-static/[22m[2massets/[22m[36mpreview-Cv3rAi2i.js                     [39m[1m[2m  0.86 kB[22m[1m[22m[2m │ gzip:   0.55 kB[22m
[1] [2mstorybook-static/[22m[2massets/[22m[36mentry-preview-DC0UJRvR.js               [39m[1m[2m  1.26 kB[22m[1m[22m[2m │ gzip:   0.73 kB[22m
[1] [2mstorybook-static/[22m[2massets/[22m[36mindex-Dkj0J1ds.js                       [39m[1m[2m  2.59 kB[22m[1m[22m[2m │ gzip:   1.26 kB[22m
[1] [2mstorybook-static/[22m[2massets/[22m[36mpreview-CwqMn10d.js                     [39m[1m[2m  3.19 kB[22m[1m[22m[2m │ gzip:   1.37 kB[22m
[1] [2mstorybook-static/[22m[2massets/[22m[36mpreview-DbT1mggi.js                     [39m[1m[2m  3.52 kB[22m[1m[22m[2m │ gzip:   1.71 kB[22m
[1] [2mstorybook-static/[22m[2massets/[22m[36miframe-C0kAlUtC.js                      [39m[1m[2m  3.84 kB[22m[1m[22m[2m │ gzip:   1.62 kB[22m
[1] [2mstorybook-static/[22m[2massets/[22m[36mindex-l2PZgWEW.js                       [39m[1m[2m  7.35 kB[22m[1m[22m[2m │ gzip:   2.96 kB[22m
[1] [2mstorybook-static/[22m[2massets/[22m[36mpreview-BAz7FMXc.js                     [39m[1m[2m  7.62 kB[22m[1m[22m[2m │ gzip:   1.56 kB[22m
[1] [2mstorybook-static/[22m[2massets/[22m[36mpreview-Db4Idchh.js                     [39m[1m[2m  8.11 kB[22m[1m[22m[2m │ gzip:   3.09 kB[22m
[1] [2mstorybook-static/[22m[2massets/[22m[36mColor-RQJUDNI5-DR7R4nlU.js              [39m[1m[2m 30.97 kB[22m[1m[22m[2m │ gzip:  11.72 kB[22m
[1] [2mstorybook-static/[22m[2massets/[22m[36m_getPrototype-DPGbg9Mn.js               [39m[1m[2m 78.91 kB[22m[1m[22m[2m │ gzip:  23.67 kB[22m
[1] [2mstorybook-static/[22m[2massets/[22m[36mdropdown.stories-CoaOps91.js            [39m[1m[2m 85.68 kB[22m[1m[22m[2m │ gzip:  29.84 kB[22m
[1] [2mstorybook-static/[22m[2massets/[22m[36mindex-CaNG7YX3.js                       [39m[1m[2m133.96 kB[22m[1m[22m[2m │ gzip:  43.14 kB[22m
[1] [2mstorybook-static/[22m[2massets/[22m[36mformatter-B5HCVTEV-DPfYl4iM.js          [39m[1m[2m210.79 kB[22m[1m[22m[2m │ gzip:  70.67 kB[22m
[1] [2mstorybook-static/[22m[2massets/[22m[36mentry-preview-docs-Dm28okLF.js          [39m[1m[2m322.92 kB[22m[1m[22m[2m │ gzip: 100.15 kB[22m
[1] [2mstorybook-static/[22m[2massets/[22m[36mDocsRenderer-K4EAMTCU-DAn82aad.js       [39m[1m[33m583.09 kB[39m[22m[2m │ gzip: 176.57 kB[22m
[1] [2mstorybook-static/[22m[2massets/[22m[36mpreview-D2d-74FL.js                     [39m[1m[33m583.22 kB[39m[22m[2m │ gzip: 155.35 kB[22m
[1] [33m
[1] (!) Some chunks are larger than 500 kB after minification. Consider:
[1] - Using dynamic import() to code-split the application
[1] - Use build.rollupOptions.output.manualChunks to improve chunking: https://rollupjs.org/configuration-options/#output-manualchunks
[1] - Adjust chunk size limit for this warning via build.chunkSizeWarningLimit.[39m
[1] [32m✓ built in 5.02s[39m
[1] info => Preview built (6.35 s)
[1] info => Output directory: /Users/jeanneiradioso/Desktop/Dev/dropdown-component-library/storybook-static
[1] storybook build exited with code 0
